[2018-07-31T14:49:26.431] [INFO] normal - localhost:3001/ 46
[2018-07-31T14:49:26.587] [INFO] normal - localhost:3001/favicon.ico 0
[2018-07-31T15:36:31.521] [INFO] normal - localhost:3001/ 12
[2018-07-31T15:36:51.475] [ERROR] normal - query error { Error: ER_TRUNCATED_WRONG_VALUE: Incorrect date value: ''2018-07-31'' for column 'time' at row 1
    at Query.Sequence._packetToError (/Volumes/zhu/web/item/koa-minprogram/node_modules/mysql/lib/protocol/sequences/Sequence.js:47:14)
    at Query.ErrorPacket (/Volumes/zhu/web/item/koa-minprogram/node_modules/mysql/lib/protocol/sequences/Query.js:77:18)
    at Protocol._parsePacket (/Volumes/zhu/web/item/koa-minprogram/node_modules/mysql/lib/protocol/Protocol.js:278:23)
    at Parser.write (/Volumes/zhu/web/item/koa-minprogram/node_modules/mysql/lib/protocol/Parser.js:76:12)
    at Protocol.write (/Volumes/zhu/web/item/koa-minprogram/node_modules/mysql/lib/protocol/Protocol.js:38:16)
    at Socket.<anonymous> (/Volumes/zhu/web/item/koa-minprogram/node_modules/mysql/lib/Connection.js:91:28)
    at Socket.<anonymous> (/Volumes/zhu/web/item/koa-minprogram/node_modules/mysql/lib/Connection.js:502:10)
    at emitOne (events.js:116:13)
    at Socket.emit (events.js:211:7)
    at addChunk (_stream_readable.js:263:12)
    --------------------
    at Protocol._enqueue (/Volumes/zhu/web/item/koa-minprogram/node_modules/mysql/lib/protocol/Protocol.js:144:48)
    at PoolConnection.query (/Volumes/zhu/web/item/koa-minprogram/node_modules/mysql/lib/Connection.js:200:25)
    at /Volumes/zhu/web/item/koa-minprogram/app/database/async-db.js:25:22
    at Ping.onOperationComplete (/Volumes/zhu/web/item/koa-minprogram/node_modules/mysql/lib/Pool.js:110:5)
    at Ping.<anonymous> (/Volumes/zhu/web/item/koa-minprogram/node_modules/mysql/lib/Connection.js:502:10)
    at Ping._callback (/Volumes/zhu/web/item/koa-minprogram/node_modules/mysql/lib/Connection.js:468:16)
    at Ping.Sequence.end (/Volumes/zhu/web/item/koa-minprogram/node_modules/mysql/lib/protocol/sequences/Sequence.js:83:24)
    at Ping.Sequence.OkPacket (/Volumes/zhu/web/item/koa-minprogram/node_modules/mysql/lib/protocol/sequences/Sequence.js:92:8)
    at Protocol._parsePacket (/Volumes/zhu/web/item/koa-minprogram/node_modules/mysql/lib/protocol/Protocol.js:278:23)
    at Parser.write (/Volumes/zhu/web/item/koa-minprogram/node_modules/mysql/lib/protocol/Parser.js:76:12)
  code: 'ER_TRUNCATED_WRONG_VALUE',
  errno: 1292,
  sqlMessage: 'Incorrect date value: \'\'2018-07-31\'\' for column \'time\' at row 1',
  sqlState: '22007',
  index: 0,
  sql: 'insert into account(time,discription,price,remarks) values(\'\\\'2018-07-31\\\'\',\'\\\'吃饭\\\'\',\'\\\'12.00\\\'\',\'\\\'测试\\\'\');' }
[2018-07-31T15:36:51.475] [ERROR] normal - Promise error { code: 0,
  data: 
   { Error: ER_TRUNCATED_WRONG_VALUE: Incorrect date value: ''2018-07-31'' for column 'time' at row 1
    at Query.Sequence._packetToError (/Volumes/zhu/web/item/koa-minprogram/node_modules/mysql/lib/protocol/sequences/Sequence.js:47:14)
    at Query.ErrorPacket (/Volumes/zhu/web/item/koa-minprogram/node_modules/mysql/lib/protocol/sequences/Query.js:77:18)
    at Protocol._parsePacket (/Volumes/zhu/web/item/koa-minprogram/node_modules/mysql/lib/protocol/Protocol.js:278:23)
    at Parser.write (/Volumes/zhu/web/item/koa-minprogram/node_modules/mysql/lib/protocol/Parser.js:76:12)
    at Protocol.write (/Volumes/zhu/web/item/koa-minprogram/node_modules/mysql/lib/protocol/Protocol.js:38:16)
    at Socket.<anonymous> (/Volumes/zhu/web/item/koa-minprogram/node_modules/mysql/lib/Connection.js:91:28)
    at Socket.<anonymous> (/Volumes/zhu/web/item/koa-minprogram/node_modules/mysql/lib/Connection.js:502:10)
    at emitOne (events.js:116:13)
    at Socket.emit (events.js:211:7)
    at addChunk (_stream_readable.js:263:12)
    --------------------
    at Protocol._enqueue (/Volumes/zhu/web/item/koa-minprogram/node_modules/mysql/lib/protocol/Protocol.js:144:48)
    at PoolConnection.query (/Volumes/zhu/web/item/koa-minprogram/node_modules/mysql/lib/Connection.js:200:25)
    at /Volumes/zhu/web/item/koa-minprogram/app/database/async-db.js:25:22
    at Ping.onOperationComplete (/Volumes/zhu/web/item/koa-minprogram/node_modules/mysql/lib/Pool.js:110:5)
    at Ping.<anonymous> (/Volumes/zhu/web/item/koa-minprogram/node_modules/mysql/lib/Connection.js:502:10)
    at Ping._callback (/Volumes/zhu/web/item/koa-minprogram/node_modules/mysql/lib/Connection.js:468:16)
    at Ping.Sequence.end (/Volumes/zhu/web/item/koa-minprogram/node_modules/mysql/lib/protocol/sequences/Sequence.js:83:24)
    at Ping.Sequence.OkPacket (/Volumes/zhu/web/item/koa-minprogram/node_modules/mysql/lib/protocol/sequences/Sequence.js:92:8)
    at Protocol._parsePacket (/Volumes/zhu/web/item/koa-minprogram/node_modules/mysql/lib/protocol/Protocol.js:278:23)
    at Parser.write (/Volumes/zhu/web/item/koa-minprogram/node_modules/mysql/lib/protocol/Parser.js:76:12)
     code: 'ER_TRUNCATED_WRONG_VALUE',
     errno: 1292,
     sqlMessage: 'Incorrect date value: \'\'2018-07-31\'\' for column \'time\' at row 1',
     sqlState: '22007',
     index: 0,
     sql: 'insert into account(time,discription,price,remarks) values(\'\\\'2018-07-31\\\'\',\'\\\'吃饭\\\'\',\'\\\'12.00\\\'\',\'\\\'测试\\\'\');' } }
[2018-07-31T15:36:51.476] [INFO] normal - localhost:3001/account/add 17
[2018-07-31T15:39:17.183] [INFO] normal - localhost:3001/ 1
[2018-07-31T15:40:06.397] [INFO] normal - localhost:3001/ 1
[2018-07-31T15:40:12.192] [ERROR] normal - query error { Error: ER_TRUNCATED_WRONG_VALUE: Incorrect date value: ''2018-07-31'' for column 'time' at row 1
    at Query.Sequence._packetToError (/Volumes/zhu/web/item/koa-minprogram/node_modules/mysql/lib/protocol/sequences/Sequence.js:47:14)
    at Query.ErrorPacket (/Volumes/zhu/web/item/koa-minprogram/node_modules/mysql/lib/protocol/sequences/Query.js:77:18)
    at Protocol._parsePacket (/Volumes/zhu/web/item/koa-minprogram/node_modules/mysql/lib/protocol/Protocol.js:278:23)
    at Parser.write (/Volumes/zhu/web/item/koa-minprogram/node_modules/mysql/lib/protocol/Parser.js:76:12)
    at Protocol.write (/Volumes/zhu/web/item/koa-minprogram/node_modules/mysql/lib/protocol/Protocol.js:38:16)
    at Socket.<anonymous> (/Volumes/zhu/web/item/koa-minprogram/node_modules/mysql/lib/Connection.js:91:28)
    at Socket.<anonymous> (/Volumes/zhu/web/item/koa-minprogram/node_modules/mysql/lib/Connection.js:502:10)
    at emitOne (events.js:116:13)
    at Socket.emit (events.js:211:7)
    at addChunk (_stream_readable.js:263:12)
    --------------------
    at Protocol._enqueue (/Volumes/zhu/web/item/koa-minprogram/node_modules/mysql/lib/protocol/Protocol.js:144:48)
    at PoolConnection.query (/Volumes/zhu/web/item/koa-minprogram/node_modules/mysql/lib/Connection.js:200:25)
    at /Volumes/zhu/web/item/koa-minprogram/app/database/async-db.js:25:22
    at Handshake.onConnect (/Volumes/zhu/web/item/koa-minprogram/node_modules/mysql/lib/Pool.js:64:7)
    at Handshake.<anonymous> (/Volumes/zhu/web/item/koa-minprogram/node_modules/mysql/lib/Connection.js:502:10)
    at Handshake._callback (/Volumes/zhu/web/item/koa-minprogram/node_modules/mysql/lib/Connection.js:468:16)
    at Handshake.Sequence.end (/Volumes/zhu/web/item/koa-minprogram/node_modules/mysql/lib/protocol/sequences/Sequence.js:83:24)
    at Handshake.Sequence.OkPacket (/Volumes/zhu/web/item/koa-minprogram/node_modules/mysql/lib/protocol/sequences/Sequence.js:92:8)
    at Protocol._parsePacket (/Volumes/zhu/web/item/koa-minprogram/node_modules/mysql/lib/protocol/Protocol.js:278:23)
    at Parser.write (/Volumes/zhu/web/item/koa-minprogram/node_modules/mysql/lib/protocol/Parser.js:76:12)
  code: 'ER_TRUNCATED_WRONG_VALUE',
  errno: 1292,
  sqlMessage: 'Incorrect date value: \'\'2018-07-31\'\' for column \'time\' at row 1',
  sqlState: '22007',
  index: 0,
  sql: 'insert into account(time,discription,price,remarks) values(\'\\\'2018-07-31\\\'\',\'\\\'吃饭\\\'\',\'\\\'12.00\\\'\',\'\\\'测试\\\'\');' }
[2018-07-31T15:40:12.193] [ERROR] normal - Promise error { code: 0,
  data: 
   { Error: ER_TRUNCATED_WRONG_VALUE: Incorrect date value: ''2018-07-31'' for column 'time' at row 1
    at Query.Sequence._packetToError (/Volumes/zhu/web/item/koa-minprogram/node_modules/mysql/lib/protocol/sequences/Sequence.js:47:14)
    at Query.ErrorPacket (/Volumes/zhu/web/item/koa-minprogram/node_modules/mysql/lib/protocol/sequences/Query.js:77:18)
    at Protocol._parsePacket (/Volumes/zhu/web/item/koa-minprogram/node_modules/mysql/lib/protocol/Protocol.js:278:23)
    at Parser.write (/Volumes/zhu/web/item/koa-minprogram/node_modules/mysql/lib/protocol/Parser.js:76:12)
    at Protocol.write (/Volumes/zhu/web/item/koa-minprogram/node_modules/mysql/lib/protocol/Protocol.js:38:16)
    at Socket.<anonymous> (/Volumes/zhu/web/item/koa-minprogram/node_modules/mysql/lib/Connection.js:91:28)
    at Socket.<anonymous> (/Volumes/zhu/web/item/koa-minprogram/node_modules/mysql/lib/Connection.js:502:10)
    at emitOne (events.js:116:13)
    at Socket.emit (events.js:211:7)
    at addChunk (_stream_readable.js:263:12)
    --------------------
    at Protocol._enqueue (/Volumes/zhu/web/item/koa-minprogram/node_modules/mysql/lib/protocol/Protocol.js:144:48)
    at PoolConnection.query (/Volumes/zhu/web/item/koa-minprogram/node_modules/mysql/lib/Connection.js:200:25)
    at /Volumes/zhu/web/item/koa-minprogram/app/database/async-db.js:25:22
    at Handshake.onConnect (/Volumes/zhu/web/item/koa-minprogram/node_modules/mysql/lib/Pool.js:64:7)
    at Handshake.<anonymous> (/Volumes/zhu/web/item/koa-minprogram/node_modules/mysql/lib/Connection.js:502:10)
    at Handshake._callback (/Volumes/zhu/web/item/koa-minprogram/node_modules/mysql/lib/Connection.js:468:16)
    at Handshake.Sequence.end (/Volumes/zhu/web/item/koa-minprogram/node_modules/mysql/lib/protocol/sequences/Sequence.js:83:24)
    at Handshake.Sequence.OkPacket (/Volumes/zhu/web/item/koa-minprogram/node_modules/mysql/lib/protocol/sequences/Sequence.js:92:8)
    at Protocol._parsePacket (/Volumes/zhu/web/item/koa-minprogram/node_modules/mysql/lib/protocol/Protocol.js:278:23)
    at Parser.write (/Volumes/zhu/web/item/koa-minprogram/node_modules/mysql/lib/protocol/Parser.js:76:12)
     code: 'ER_TRUNCATED_WRONG_VALUE',
     errno: 1292,
     sqlMessage: 'Incorrect date value: \'\'2018-07-31\'\' for column \'time\' at row 1',
     sqlState: '22007',
     index: 0,
     sql: 'insert into account(time,discription,price,remarks) values(\'\\\'2018-07-31\\\'\',\'\\\'吃饭\\\'\',\'\\\'12.00\\\'\',\'\\\'测试\\\'\');' } }
[2018-07-31T15:40:12.194] [INFO] normal - localhost:3001/account/add 17
[2018-07-31T15:41:06.415] [ERROR] normal - query error { Error: ER_TRUNCATED_WRONG_VALUE: Incorrect date value: ''2018-07-31'' for column 'time' at row 1
    at Query.Sequence._packetToError (/Volumes/zhu/web/item/koa-minprogram/node_modules/mysql/lib/protocol/sequences/Sequence.js:47:14)
    at Query.ErrorPacket (/Volumes/zhu/web/item/koa-minprogram/node_modules/mysql/lib/protocol/sequences/Query.js:77:18)
    at Protocol._parsePacket (/Volumes/zhu/web/item/koa-minprogram/node_modules/mysql/lib/protocol/Protocol.js:278:23)
    at Parser.write (/Volumes/zhu/web/item/koa-minprogram/node_modules/mysql/lib/protocol/Parser.js:76:12)
    at Protocol.write (/Volumes/zhu/web/item/koa-minprogram/node_modules/mysql/lib/protocol/Protocol.js:38:16)
    at Socket.<anonymous> (/Volumes/zhu/web/item/koa-minprogram/node_modules/mysql/lib/Connection.js:91:28)
    at Socket.<anonymous> (/Volumes/zhu/web/item/koa-minprogram/node_modules/mysql/lib/Connection.js:502:10)
    at emitOne (events.js:116:13)
    at Socket.emit (events.js:211:7)
    at addChunk (_stream_readable.js:263:12)
    --------------------
    at Protocol._enqueue (/Volumes/zhu/web/item/koa-minprogram/node_modules/mysql/lib/protocol/Protocol.js:144:48)
    at PoolConnection.query (/Volumes/zhu/web/item/koa-minprogram/node_modules/mysql/lib/Connection.js:200:25)
    at /Volumes/zhu/web/item/koa-minprogram/app/database/async-db.js:25:22
    at Handshake.onConnect (/Volumes/zhu/web/item/koa-minprogram/node_modules/mysql/lib/Pool.js:64:7)
    at Handshake.<anonymous> (/Volumes/zhu/web/item/koa-minprogram/node_modules/mysql/lib/Connection.js:502:10)
    at Handshake._callback (/Volumes/zhu/web/item/koa-minprogram/node_modules/mysql/lib/Connection.js:468:16)
    at Handshake.Sequence.end (/Volumes/zhu/web/item/koa-minprogram/node_modules/mysql/lib/protocol/sequences/Sequence.js:83:24)
    at Handshake.Sequence.OkPacket (/Volumes/zhu/web/item/koa-minprogram/node_modules/mysql/lib/protocol/sequences/Sequence.js:92:8)
    at Protocol._parsePacket (/Volumes/zhu/web/item/koa-minprogram/node_modules/mysql/lib/protocol/Protocol.js:278:23)
    at Parser.write (/Volumes/zhu/web/item/koa-minprogram/node_modules/mysql/lib/protocol/Parser.js:76:12)
  code: 'ER_TRUNCATED_WRONG_VALUE',
  errno: 1292,
  sqlMessage: 'Incorrect date value: \'\'2018-07-31\'\' for column \'time\' at row 1',
  sqlState: '22007',
  index: 0,
  sql: 'insert into account(time,discription,price,remarks) values(\'\\\'2018-07-31\\\'\',\'\\\'吃饭\\\'\',\'\\\'12.00\\\'\',\'\\\'测试\\\'\');' }
[2018-07-31T15:41:06.417] [ERROR] normal - Promise error { code: 0,
  data: 
   { Error: ER_TRUNCATED_WRONG_VALUE: Incorrect date value: ''2018-07-31'' for column 'time' at row 1
    at Query.Sequence._packetToError (/Volumes/zhu/web/item/koa-minprogram/node_modules/mysql/lib/protocol/sequences/Sequence.js:47:14)
    at Query.ErrorPacket (/Volumes/zhu/web/item/koa-minprogram/node_modules/mysql/lib/protocol/sequences/Query.js:77:18)
    at Protocol._parsePacket (/Volumes/zhu/web/item/koa-minprogram/node_modules/mysql/lib/protocol/Protocol.js:278:23)
    at Parser.write (/Volumes/zhu/web/item/koa-minprogram/node_modules/mysql/lib/protocol/Parser.js:76:12)
    at Protocol.write (/Volumes/zhu/web/item/koa-minprogram/node_modules/mysql/lib/protocol/Protocol.js:38:16)
    at Socket.<anonymous> (/Volumes/zhu/web/item/koa-minprogram/node_modules/mysql/lib/Connection.js:91:28)
    at Socket.<anonymous> (/Volumes/zhu/web/item/koa-minprogram/node_modules/mysql/lib/Connection.js:502:10)
    at emitOne (events.js:116:13)
    at Socket.emit (events.js:211:7)
    at addChunk (_stream_readable.js:263:12)
    --------------------
    at Protocol._enqueue (/Volumes/zhu/web/item/koa-minprogram/node_modules/mysql/lib/protocol/Protocol.js:144:48)
    at PoolConnection.query (/Volumes/zhu/web/item/koa-minprogram/node_modules/mysql/lib/Connection.js:200:25)
    at /Volumes/zhu/web/item/koa-minprogram/app/database/async-db.js:25:22
    at Handshake.onConnect (/Volumes/zhu/web/item/koa-minprogram/node_modules/mysql/lib/Pool.js:64:7)
    at Handshake.<anonymous> (/Volumes/zhu/web/item/koa-minprogram/node_modules/mysql/lib/Connection.js:502:10)
    at Handshake._callback (/Volumes/zhu/web/item/koa-minprogram/node_modules/mysql/lib/Connection.js:468:16)
    at Handshake.Sequence.end (/Volumes/zhu/web/item/koa-minprogram/node_modules/mysql/lib/protocol/sequences/Sequence.js:83:24)
    at Handshake.Sequence.OkPacket (/Volumes/zhu/web/item/koa-minprogram/node_modules/mysql/lib/protocol/sequences/Sequence.js:92:8)
    at Protocol._parsePacket (/Volumes/zhu/web/item/koa-minprogram/node_modules/mysql/lib/protocol/Protocol.js:278:23)
    at Parser.write (/Volumes/zhu/web/item/koa-minprogram/node_modules/mysql/lib/protocol/Parser.js:76:12)
     code: 'ER_TRUNCATED_WRONG_VALUE',
     errno: 1292,
     sqlMessage: 'Incorrect date value: \'\'2018-07-31\'\' for column \'time\' at row 1',
     sqlState: '22007',
     index: 0,
     sql: 'insert into account(time,discription,price,remarks) values(\'\\\'2018-07-31\\\'\',\'\\\'吃饭\\\'\',\'\\\'12.00\\\'\',\'\\\'测试\\\'\');' } }
[2018-07-31T15:41:06.418] [INFO] normal - localhost:3001/account/add 22
[2018-07-31T15:44:26.384] [INFO] normal - localhost:3001/account/add 19
[2018-07-31T15:45:17.382] [INFO] normal - localhost:3001/account/index?startTime=&endTime=&page=0&sort=1 6
[2018-07-31T15:45:23.889] [INFO] normal - localhost:3001/account/index?startTime=&endTime=&page=0&sort=1 2
[2018-07-31T15:48:00.943] [ERROR] normal - query error { Error: ER_PARSE_ERROR: You have an error in your SQL syntax; check the manual that corresponds to your MySQL server version for the right syntax to use near 'order by time 'ASC'' at line 1
    at Query.Sequence._packetToError (/Volumes/zhu/web/item/koa-minprogram/node_modules/mysql/lib/protocol/sequences/Sequence.js:47:14)
    at Query.ErrorPacket (/Volumes/zhu/web/item/koa-minprogram/node_modules/mysql/lib/protocol/sequences/Query.js:77:18)
    at Protocol._parsePacket (/Volumes/zhu/web/item/koa-minprogram/node_modules/mysql/lib/protocol/Protocol.js:278:23)
    at Parser.write (/Volumes/zhu/web/item/koa-minprogram/node_modules/mysql/lib/protocol/Parser.js:76:12)
    at Protocol.write (/Volumes/zhu/web/item/koa-minprogram/node_modules/mysql/lib/protocol/Protocol.js:38:16)
    at Socket.<anonymous> (/Volumes/zhu/web/item/koa-minprogram/node_modules/mysql/lib/Connection.js:91:28)
    at Socket.<anonymous> (/Volumes/zhu/web/item/koa-minprogram/node_modules/mysql/lib/Connection.js:502:10)
    at emitOne (events.js:116:13)
    at Socket.emit (events.js:211:7)
    at addChunk (_stream_readable.js:263:12)
    --------------------
    at Protocol._enqueue (/Volumes/zhu/web/item/koa-minprogram/node_modules/mysql/lib/protocol/Protocol.js:144:48)
    at PoolConnection.query (/Volumes/zhu/web/item/koa-minprogram/node_modules/mysql/lib/Connection.js:200:25)
    at /Volumes/zhu/web/item/koa-minprogram/app/database/async-db.js:25:22
    at Handshake.onConnect (/Volumes/zhu/web/item/koa-minprogram/node_modules/mysql/lib/Pool.js:64:7)
    at Handshake.<anonymous> (/Volumes/zhu/web/item/koa-minprogram/node_modules/mysql/lib/Connection.js:502:10)
    at Handshake._callback (/Volumes/zhu/web/item/koa-minprogram/node_modules/mysql/lib/Connection.js:468:16)
    at Handshake.Sequence.end (/Volumes/zhu/web/item/koa-minprogram/node_modules/mysql/lib/protocol/sequences/Sequence.js:83:24)
    at Handshake.Sequence.OkPacket (/Volumes/zhu/web/item/koa-minprogram/node_modules/mysql/lib/protocol/sequences/Sequence.js:92:8)
    at Protocol._parsePacket (/Volumes/zhu/web/item/koa-minprogram/node_modules/mysql/lib/protocol/Protocol.js:278:23)
    at Parser.write (/Volumes/zhu/web/item/koa-minprogram/node_modules/mysql/lib/protocol/Parser.js:76:12)
  code: 'ER_PARSE_ERROR',
  errno: 1064,
  sqlMessage: 'You have an error in your SQL syntax; check the manual that corresponds to your MySQL server version for the right syntax to use near \'order by time \'ASC\'\' at line 1',
  sqlState: '42000',
  index: 0,
  sql: 'select * from account where time>=\'\' and time<=\'\' limit 0,10 order by time \'ASC\'' }
[2018-07-31T15:48:00.944] [ERROR] normal - Promise error { code: 0,
  data: 
   { Error: ER_PARSE_ERROR: You have an error in your SQL syntax; check the manual that corresponds to your MySQL server version for the right syntax to use near 'order by time 'ASC'' at line 1
    at Query.Sequence._packetToError (/Volumes/zhu/web/item/koa-minprogram/node_modules/mysql/lib/protocol/sequences/Sequence.js:47:14)
    at Query.ErrorPacket (/Volumes/zhu/web/item/koa-minprogram/node_modules/mysql/lib/protocol/sequences/Query.js:77:18)
    at Protocol._parsePacket (/Volumes/zhu/web/item/koa-minprogram/node_modules/mysql/lib/protocol/Protocol.js:278:23)
    at Parser.write (/Volumes/zhu/web/item/koa-minprogram/node_modules/mysql/lib/protocol/Parser.js:76:12)
    at Protocol.write (/Volumes/zhu/web/item/koa-minprogram/node_modules/mysql/lib/protocol/Protocol.js:38:16)
    at Socket.<anonymous> (/Volumes/zhu/web/item/koa-minprogram/node_modules/mysql/lib/Connection.js:91:28)
    at Socket.<anonymous> (/Volumes/zhu/web/item/koa-minprogram/node_modules/mysql/lib/Connection.js:502:10)
    at emitOne (events.js:116:13)
    at Socket.emit (events.js:211:7)
    at addChunk (_stream_readable.js:263:12)
    --------------------
    at Protocol._enqueue (/Volumes/zhu/web/item/koa-minprogram/node_modules/mysql/lib/protocol/Protocol.js:144:48)
    at PoolConnection.query (/Volumes/zhu/web/item/koa-minprogram/node_modules/mysql/lib/Connection.js:200:25)
    at /Volumes/zhu/web/item/koa-minprogram/app/database/async-db.js:25:22
    at Handshake.onConnect (/Volumes/zhu/web/item/koa-minprogram/node_modules/mysql/lib/Pool.js:64:7)
    at Handshake.<anonymous> (/Volumes/zhu/web/item/koa-minprogram/node_modules/mysql/lib/Connection.js:502:10)
    at Handshake._callback (/Volumes/zhu/web/item/koa-minprogram/node_modules/mysql/lib/Connection.js:468:16)
    at Handshake.Sequence.end (/Volumes/zhu/web/item/koa-minprogram/node_modules/mysql/lib/protocol/sequences/Sequence.js:83:24)
    at Handshake.Sequence.OkPacket (/Volumes/zhu/web/item/koa-minprogram/node_modules/mysql/lib/protocol/sequences/Sequence.js:92:8)
    at Protocol._parsePacket (/Volumes/zhu/web/item/koa-minprogram/node_modules/mysql/lib/protocol/Protocol.js:278:23)
    at Parser.write (/Volumes/zhu/web/item/koa-minprogram/node_modules/mysql/lib/protocol/Parser.js:76:12)
     code: 'ER_PARSE_ERROR',
     errno: 1064,
     sqlMessage: 'You have an error in your SQL syntax; check the manual that corresponds to your MySQL server version for the right syntax to use near \'order by time \'ASC\'\' at line 1',
     sqlState: '42000',
     index: 0,
     sql: 'select * from account where time>=\'\' and time<=\'\' limit 0,10 order by time \'ASC\'' } }
[2018-07-31T15:48:00.950] [ERROR] normal - localhost:3001/account/index?startTime=&endTime=&page=0&sort=1 TypeError: Cannot read property 'data' of undefined
    at Object.index (/Volumes/zhu/web/item/koa-minprogram/app/controller/account.js:24:54)
    at <anonymous>
    at process._tickCallback (internal/process/next_tick.js:188:7) 26
[2018-07-31T15:52:38.495] [INFO] normal - localhost:3001/account/add 18
[2018-07-31T15:55:58.296] [ERROR] normal - query error { Error: ER_WRONG_VALUE: Incorrect TIME value: 'ASC'
    at Query.Sequence._packetToError (/Volumes/zhu/web/item/koa-minprogram/node_modules/mysql/lib/protocol/sequences/Sequence.js:47:14)
    at Query.ErrorPacket (/Volumes/zhu/web/item/koa-minprogram/node_modules/mysql/lib/protocol/sequences/Query.js:77:18)
    at Protocol._parsePacket (/Volumes/zhu/web/item/koa-minprogram/node_modules/mysql/lib/protocol/Protocol.js:278:23)
    at Parser.write (/Volumes/zhu/web/item/koa-minprogram/node_modules/mysql/lib/protocol/Parser.js:76:12)
    at Protocol.write (/Volumes/zhu/web/item/koa-minprogram/node_modules/mysql/lib/protocol/Protocol.js:38:16)
    at Socket.<anonymous> (/Volumes/zhu/web/item/koa-minprogram/node_modules/mysql/lib/Connection.js:91:28)
    at Socket.<anonymous> (/Volumes/zhu/web/item/koa-minprogram/node_modules/mysql/lib/Connection.js:502:10)
    at emitOne (events.js:116:13)
    at Socket.emit (events.js:211:7)
    at addChunk (_stream_readable.js:263:12)
    --------------------
    at Protocol._enqueue (/Volumes/zhu/web/item/koa-minprogram/node_modules/mysql/lib/protocol/Protocol.js:144:48)
    at PoolConnection.query (/Volumes/zhu/web/item/koa-minprogram/node_modules/mysql/lib/Connection.js:200:25)
    at /Volumes/zhu/web/item/koa-minprogram/app/database/async-db.js:25:22
    at Handshake.onConnect (/Volumes/zhu/web/item/koa-minprogram/node_modules/mysql/lib/Pool.js:64:7)
    at Handshake.<anonymous> (/Volumes/zhu/web/item/koa-minprogram/node_modules/mysql/lib/Connection.js:502:10)
    at Handshake._callback (/Volumes/zhu/web/item/koa-minprogram/node_modules/mysql/lib/Connection.js:468:16)
    at Handshake.Sequence.end (/Volumes/zhu/web/item/koa-minprogram/node_modules/mysql/lib/protocol/sequences/Sequence.js:83:24)
    at Handshake.Sequence.OkPacket (/Volumes/zhu/web/item/koa-minprogram/node_modules/mysql/lib/protocol/sequences/Sequence.js:92:8)
    at Protocol._parsePacket (/Volumes/zhu/web/item/koa-minprogram/node_modules/mysql/lib/protocol/Protocol.js:278:23)
    at Parser.write (/Volumes/zhu/web/item/koa-minprogram/node_modules/mysql/lib/protocol/Parser.js:76:12)
  code: 'ER_WRONG_VALUE',
  errno: 1525,
  sqlMessage: 'Incorrect TIME value: \'ASC\'',
  sqlState: 'HY000',
  index: 0,
  sql: 'select * from account where time>=\'2000-01-01\' and time<=\'2018-07-31\' order by time \'ASC\' limit 0,10' }
[2018-07-31T15:55:58.298] [ERROR] normal - Promise error { code: 0,
  data: 
   { Error: ER_WRONG_VALUE: Incorrect TIME value: 'ASC'
    at Query.Sequence._packetToError (/Volumes/zhu/web/item/koa-minprogram/node_modules/mysql/lib/protocol/sequences/Sequence.js:47:14)
    at Query.ErrorPacket (/Volumes/zhu/web/item/koa-minprogram/node_modules/mysql/lib/protocol/sequences/Query.js:77:18)
    at Protocol._parsePacket (/Volumes/zhu/web/item/koa-minprogram/node_modules/mysql/lib/protocol/Protocol.js:278:23)
    at Parser.write (/Volumes/zhu/web/item/koa-minprogram/node_modules/mysql/lib/protocol/Parser.js:76:12)
    at Protocol.write (/Volumes/zhu/web/item/koa-minprogram/node_modules/mysql/lib/protocol/Protocol.js:38:16)
    at Socket.<anonymous> (/Volumes/zhu/web/item/koa-minprogram/node_modules/mysql/lib/Connection.js:91:28)
    at Socket.<anonymous> (/Volumes/zhu/web/item/koa-minprogram/node_modules/mysql/lib/Connection.js:502:10)
    at emitOne (events.js:116:13)
    at Socket.emit (events.js:211:7)
    at addChunk (_stream_readable.js:263:12)
    --------------------
    at Protocol._enqueue (/Volumes/zhu/web/item/koa-minprogram/node_modules/mysql/lib/protocol/Protocol.js:144:48)
    at PoolConnection.query (/Volumes/zhu/web/item/koa-minprogram/node_modules/mysql/lib/Connection.js:200:25)
    at /Volumes/zhu/web/item/koa-minprogram/app/database/async-db.js:25:22
    at Handshake.onConnect (/Volumes/zhu/web/item/koa-minprogram/node_modules/mysql/lib/Pool.js:64:7)
    at Handshake.<anonymous> (/Volumes/zhu/web/item/koa-minprogram/node_modules/mysql/lib/Connection.js:502:10)
    at Handshake._callback (/Volumes/zhu/web/item/koa-minprogram/node_modules/mysql/lib/Connection.js:468:16)
    at Handshake.Sequence.end (/Volumes/zhu/web/item/koa-minprogram/node_modules/mysql/lib/protocol/sequences/Sequence.js:83:24)
    at Handshake.Sequence.OkPacket (/Volumes/zhu/web/item/koa-minprogram/node_modules/mysql/lib/protocol/sequences/Sequence.js:92:8)
    at Protocol._parsePacket (/Volumes/zhu/web/item/koa-minprogram/node_modules/mysql/lib/protocol/Protocol.js:278:23)
    at Parser.write (/Volumes/zhu/web/item/koa-minprogram/node_modules/mysql/lib/protocol/Parser.js:76:12)
     code: 'ER_WRONG_VALUE',
     errno: 1525,
     sqlMessage: 'Incorrect TIME value: \'ASC\'',
     sqlState: 'HY000',
     index: 0,
     sql: 'select * from account where time>=\'2000-01-01\' and time<=\'2018-07-31\' order by time \'ASC\' limit 0,10' } }
[2018-07-31T15:55:58.299] [ERROR] normal - localhost:3001/account/index?startTime=&endTime=&page=0&sort=1 TypeError: Cannot read property 'data' of undefined
    at Object.index (/Volumes/zhu/web/item/koa-minprogram/app/controller/account.js:30:54)
    at <anonymous>
    at process._tickCallback (internal/process/next_tick.js:188:7) 30
[2018-07-31T15:56:46.962] [INFO] normal - localhost:3001/account/index?startTime=&endTime=&page=0&sort=1 11
[2018-07-31T15:58:03.513] [INFO] normal - localhost:3001/account/index?startTime=&endTime=&page=0&sort=1 13
[2018-07-31T15:59:15.043] [INFO] normal - localhost:3001/account/index?startTime=&endTime=&page=0&sort=1 14
[2018-07-31T15:59:51.827] [INFO] normal - localhost:3001/account/index?startTime=&endTime=&page=0&sort=0 2
[2018-07-31T16:08:39.883] [ERROR] normal - localhost:3001/account/index?startTime=&endTime=&page=0&sort=0 TypeError: Cannot read property 'getFullYear' of undefined
    at Object.format (/Volumes/zhu/web/item/koa-minprogram/app/extend/tools.js:131:21)
    at Object.index (/Volumes/zhu/web/item/koa-minprogram/app/controller/account.js:34:31)
    at <anonymous>
    at process._tickCallback (internal/process/next_tick.js:188:7) 12
[2018-07-31T16:10:12.844] [ERROR] normal - localhost:3001/account/index?startTime=&endTime=&page=0&sort=0 TypeError: this.getMonth is not a function
    at Object.format (/Volumes/zhu/web/item/koa-minprogram/app/extend/tools.js:130:14)
    at Object.index (/Volumes/zhu/web/item/koa-minprogram/app/controller/account.js:34:31)
    at <anonymous>
    at process._tickCallback (internal/process/next_tick.js:188:7) 19
[2018-07-31T16:12:36.810] [ERROR] normal - localhost:3001/account/index?startTime=&endTime=&page=0&sort=0 TypeError: Cannot read property 'format' of undefined
    at Object.index (/Volumes/zhu/web/item/koa-minprogram/app/controller/account.js:34:39)
    at <anonymous>
    at process._tickCallback (internal/process/next_tick.js:188:7) 14
[2018-07-31T16:14:23.776] [INFO] normal - localhost:3001/account/index?startTime=&endTime=&page=0&sort=0 15
[2018-07-31T16:18:06.585] [INFO] normal - localhost:3001/account/index?startTime=&endTime=&page=0&sort=0 15
[2018-07-31T16:18:08.545] [INFO] normal - localhost:3001/account/index?startTime=&endTime=&page=0&sort=0 4
[2018-07-31T16:19:26.493] [INFO] normal - localhost:3001/account/index?startTime=&endTime=&page=0&sort=0 14
[2018-07-31T16:20:01.685] [INFO] normal - localhost:3001/account/index?startTime=&endTime=&page=0&sort=0 15
[2018-07-31T16:23:31.912] [INFO] normal - localhost:3001/account/index?startTime=&endTime=&page=0&sort=0 15
[2018-07-31T16:24:11.467] [INFO] normal - localhost:3001/account/index?startTime=&endTime=&page=0&sort=0 13
[2018-07-31T16:25:36.784] [INFO] normal - localhost:3001/account/getinfo?id=2 3
[2018-07-31T16:26:54.360] [INFO] normal - localhost:3001/account/getinfo?id=2 14
[2018-07-31T16:28:04.782] [INFO] normal - localhost:3001/ 1
[2018-07-31T16:28:19.054] [INFO] normal - localhost:3001/account/add 16
[2018-07-31T16:28:55.985] [INFO] normal - localhost:3001/ 1
[2018-07-31T16:29:05.351] [INFO] normal - localhost:3001/account/update 1
[2018-07-31T16:29:33.077] [INFO] normal - localhost:3001/ 1
[2018-07-31T16:29:40.394] [INFO] normal - localhost:3001/account/update 19
[2018-07-31T16:30:14.015] [INFO] normal - localhost:3001/account/delete?id=1 3
[2018-07-31T16:37:55.501] [INFO] normal - localhost:3001/account/delete?id=1 1
[2018-07-31T16:41:22.863] [INFO] normal - localhost:3001/ 1
[2018-07-31T16:41:31.834] [INFO] normal - localhost:3001/account/add 11
[2018-07-31T16:42:22.119] [INFO] normal - localhost:3001/account/index?startTime=&endTime=&page=0&sort=1&pagenum= 4
[2018-07-31T16:42:25.681] [INFO] normal - localhost:3001/account/index?startTime=&endTime=&page=0&sort=1&pagenum=1 1
[2018-07-31T16:42:34.372] [INFO] normal - localhost:3001/account/index?startTime=&endTime=&page=1&sort=1&pagenum=1 1
[2018-07-31T16:42:40.449] [INFO] normal - localhost:3001/account/index?startTime=&endTime=&page=2&sort=1&pagenum=1 1
[2018-07-31T16:42:46.697] [INFO] normal - localhost:3001/account/index?startTime=&endTime=&page=3&sort=1&pagenum=1 1
[2018-07-31T16:42:50.158] [INFO] normal - localhost:3001/account/index?startTime=&endTime=&page=0&sort=1&pagenum=1 1
[2018-07-31T16:46:00.610] [ERROR] normal - query error { Error: ER_PARSE_ERROR: You have an error in your SQL syntax; check the manual that corresponds to your MySQL server version for the right syntax to use near '-1' at line 1
    at Query.Sequence._packetToError (/Volumes/zhu/web/item/koa-minprogram/node_modules/mysql/lib/protocol/sequences/Sequence.js:47:14)
    at Query.ErrorPacket (/Volumes/zhu/web/item/koa-minprogram/node_modules/mysql/lib/protocol/sequences/Query.js:77:18)
    at Protocol._parsePacket (/Volumes/zhu/web/item/koa-minprogram/node_modules/mysql/lib/protocol/Protocol.js:278:23)
    at Parser.write (/Volumes/zhu/web/item/koa-minprogram/node_modules/mysql/lib/protocol/Parser.js:76:12)
    at Protocol.write (/Volumes/zhu/web/item/koa-minprogram/node_modules/mysql/lib/protocol/Protocol.js:38:16)
    at Socket.<anonymous> (/Volumes/zhu/web/item/koa-minprogram/node_modules/mysql/lib/Connection.js:91:28)
    at Socket.<anonymous> (/Volumes/zhu/web/item/koa-minprogram/node_modules/mysql/lib/Connection.js:502:10)
    at emitOne (events.js:116:13)
    at Socket.emit (events.js:211:7)
    at addChunk (_stream_readable.js:263:12)
    --------------------
    at Protocol._enqueue (/Volumes/zhu/web/item/koa-minprogram/node_modules/mysql/lib/protocol/Protocol.js:144:48)
    at PoolConnection.query (/Volumes/zhu/web/item/koa-minprogram/node_modules/mysql/lib/Connection.js:200:25)
    at /Volumes/zhu/web/item/koa-minprogram/app/database/async-db.js:25:22
    at Handshake.onConnect (/Volumes/zhu/web/item/koa-minprogram/node_modules/mysql/lib/Pool.js:64:7)
    at Handshake.<anonymous> (/Volumes/zhu/web/item/koa-minprogram/node_modules/mysql/lib/Connection.js:502:10)
    at Handshake._callback (/Volumes/zhu/web/item/koa-minprogram/node_modules/mysql/lib/Connection.js:468:16)
    at Handshake.Sequence.end (/Volumes/zhu/web/item/koa-minprogram/node_modules/mysql/lib/protocol/sequences/Sequence.js:83:24)
    at Handshake.Sequence.OkPacket (/Volumes/zhu/web/item/koa-minprogram/node_modules/mysql/lib/protocol/sequences/Sequence.js:92:8)
    at Protocol._parsePacket (/Volumes/zhu/web/item/koa-minprogram/node_modules/mysql/lib/protocol/Protocol.js:278:23)
    at Parser.write (/Volumes/zhu/web/item/koa-minprogram/node_modules/mysql/lib/protocol/Parser.js:76:12)
  code: 'ER_PARSE_ERROR',
  errno: 1064,
  sqlMessage: 'You have an error in your SQL syntax; check the manual that corresponds to your MySQL server version for the right syntax to use near \'-1\' at line 1',
  sqlState: '42000',
  index: 0,
  sql: 'select * from account where time>=\'2018-07-01\' and time<=\'2018-07-31\' order by time DESC limit 0,-1' }
[2018-07-31T16:46:00.612] [ERROR] normal - Promise error { code: 0,
  data: 
   { Error: ER_PARSE_ERROR: You have an error in your SQL syntax; check the manual that corresponds to your MySQL server version for the right syntax to use near '-1' at line 1
    at Query.Sequence._packetToError (/Volumes/zhu/web/item/koa-minprogram/node_modules/mysql/lib/protocol/sequences/Sequence.js:47:14)
    at Query.ErrorPacket (/Volumes/zhu/web/item/koa-minprogram/node_modules/mysql/lib/protocol/sequences/Query.js:77:18)
    at Protocol._parsePacket (/Volumes/zhu/web/item/koa-minprogram/node_modules/mysql/lib/protocol/Protocol.js:278:23)
    at Parser.write (/Volumes/zhu/web/item/koa-minprogram/node_modules/mysql/lib/protocol/Parser.js:76:12)
    at Protocol.write (/Volumes/zhu/web/item/koa-minprogram/node_modules/mysql/lib/protocol/Protocol.js:38:16)
    at Socket.<anonymous> (/Volumes/zhu/web/item/koa-minprogram/node_modules/mysql/lib/Connection.js:91:28)
    at Socket.<anonymous> (/Volumes/zhu/web/item/koa-minprogram/node_modules/mysql/lib/Connection.js:502:10)
    at emitOne (events.js:116:13)
    at Socket.emit (events.js:211:7)
    at addChunk (_stream_readable.js:263:12)
    --------------------
    at Protocol._enqueue (/Volumes/zhu/web/item/koa-minprogram/node_modules/mysql/lib/protocol/Protocol.js:144:48)
    at PoolConnection.query (/Volumes/zhu/web/item/koa-minprogram/node_modules/mysql/lib/Connection.js:200:25)
    at /Volumes/zhu/web/item/koa-minprogram/app/database/async-db.js:25:22
    at Handshake.onConnect (/Volumes/zhu/web/item/koa-minprogram/node_modules/mysql/lib/Pool.js:64:7)
    at Handshake.<anonymous> (/Volumes/zhu/web/item/koa-minprogram/node_modules/mysql/lib/Connection.js:502:10)
    at Handshake._callback (/Volumes/zhu/web/item/koa-minprogram/node_modules/mysql/lib/Connection.js:468:16)
    at Handshake.Sequence.end (/Volumes/zhu/web/item/koa-minprogram/node_modules/mysql/lib/protocol/sequences/Sequence.js:83:24)
    at Handshake.Sequence.OkPacket (/Volumes/zhu/web/item/koa-minprogram/node_modules/mysql/lib/protocol/sequences/Sequence.js:92:8)
    at Protocol._parsePacket (/Volumes/zhu/web/item/koa-minprogram/node_modules/mysql/lib/protocol/Protocol.js:278:23)
    at Parser.write (/Volumes/zhu/web/item/koa-minprogram/node_modules/mysql/lib/protocol/Parser.js:76:12)
     code: 'ER_PARSE_ERROR',
     errno: 1064,
     sqlMessage: 'You have an error in your SQL syntax; check the manual that corresponds to your MySQL server version for the right syntax to use near \'-1\' at line 1',
     sqlState: '42000',
     index: 0,
     sql: 'select * from account where time>=\'2018-07-01\' and time<=\'2018-07-31\' order by time DESC limit 0,-1' } }
[2018-07-31T16:46:00.613] [ERROR] normal - localhost:3001/account/statistics TypeError: Cannot read property 'data' of undefined
    at Object.statistics (/Volumes/zhu/web/item/koa-minprogram/app/controller/account.js:172:23)
    at <anonymous>
    at process._tickCallback (internal/process/next_tick.js:188:7) 31
[2018-07-31T16:50:32.166] [INFO] normal - localhost:3001/ 1
[2018-07-31T16:50:42.910] [INFO] normal - localhost:3001/account/add 8
[2018-07-31T16:51:25.009] [INFO] normal - localhost:3001/account/index?startTime=&endTime=&page=0&sort=1&pagenum=1 4
[2018-07-31T16:51:28.218] [INFO] normal - localhost:3001/account/index?startTime=&endTime=&page=0&sort=1&pagenum=10 3
[2018-07-31T16:52:04.930] [ERROR] normal - query error { Error: ER_PARSE_ERROR: You have an error in your SQL syntax; check the manual that corresponds to your MySQL server version for the right syntax to use near '-1' at line 1
    at Query.Sequence._packetToError (/Volumes/zhu/web/item/koa-minprogram/node_modules/mysql/lib/protocol/sequences/Sequence.js:47:14)
    at Query.ErrorPacket (/Volumes/zhu/web/item/koa-minprogram/node_modules/mysql/lib/protocol/sequences/Query.js:77:18)
    at Protocol._parsePacket (/Volumes/zhu/web/item/koa-minprogram/node_modules/mysql/lib/protocol/Protocol.js:278:23)
    at Parser.write (/Volumes/zhu/web/item/koa-minprogram/node_modules/mysql/lib/protocol/Parser.js:76:12)
    at Protocol.write (/Volumes/zhu/web/item/koa-minprogram/node_modules/mysql/lib/protocol/Protocol.js:38:16)
    at Socket.<anonymous> (/Volumes/zhu/web/item/koa-minprogram/node_modules/mysql/lib/Connection.js:91:28)
    at Socket.<anonymous> (/Volumes/zhu/web/item/koa-minprogram/node_modules/mysql/lib/Connection.js:502:10)
    at emitOne (events.js:116:13)
    at Socket.emit (events.js:211:7)
    at addChunk (_stream_readable.js:263:12)
    --------------------
    at Protocol._enqueue (/Volumes/zhu/web/item/koa-minprogram/node_modules/mysql/lib/protocol/Protocol.js:144:48)
    at PoolConnection.query (/Volumes/zhu/web/item/koa-minprogram/node_modules/mysql/lib/Connection.js:200:25)
    at /Volumes/zhu/web/item/koa-minprogram/app/database/async-db.js:25:22
    at Ping.onOperationComplete (/Volumes/zhu/web/item/koa-minprogram/node_modules/mysql/lib/Pool.js:110:5)
    at Ping.<anonymous> (/Volumes/zhu/web/item/koa-minprogram/node_modules/mysql/lib/Connection.js:502:10)
    at Ping._callback (/Volumes/zhu/web/item/koa-minprogram/node_modules/mysql/lib/Connection.js:468:16)
    at Ping.Sequence.end (/Volumes/zhu/web/item/koa-minprogram/node_modules/mysql/lib/protocol/sequences/Sequence.js:83:24)
    at Ping.Sequence.OkPacket (/Volumes/zhu/web/item/koa-minprogram/node_modules/mysql/lib/protocol/sequences/Sequence.js:92:8)
    at Protocol._parsePacket (/Volumes/zhu/web/item/koa-minprogram/node_modules/mysql/lib/protocol/Protocol.js:278:23)
    at Parser.write (/Volumes/zhu/web/item/koa-minprogram/node_modules/mysql/lib/protocol/Parser.js:76:12)
  code: 'ER_PARSE_ERROR',
  errno: 1064,
  sqlMessage: 'You have an error in your SQL syntax; check the manual that corresponds to your MySQL server version for the right syntax to use near \'-1\' at line 1',
  sqlState: '42000',
  index: 0,
  sql: 'select * from account where time>=\'2018-07-01\' and time<=\'2018-07-31\' order by time DESC limit 0,-1' }
[2018-07-31T16:52:04.931] [ERROR] normal - Promise error { code: 0,
  data: 
   { Error: ER_PARSE_ERROR: You have an error in your SQL syntax; check the manual that corresponds to your MySQL server version for the right syntax to use near '-1' at line 1
    at Query.Sequence._packetToError (/Volumes/zhu/web/item/koa-minprogram/node_modules/mysql/lib/protocol/sequences/Sequence.js:47:14)
    at Query.ErrorPacket (/Volumes/zhu/web/item/koa-minprogram/node_modules/mysql/lib/protocol/sequences/Query.js:77:18)
    at Protocol._parsePacket (/Volumes/zhu/web/item/koa-minprogram/node_modules/mysql/lib/protocol/Protocol.js:278:23)
    at Parser.write (/Volumes/zhu/web/item/koa-minprogram/node_modules/mysql/lib/protocol/Parser.js:76:12)
    at Protocol.write (/Volumes/zhu/web/item/koa-minprogram/node_modules/mysql/lib/protocol/Protocol.js:38:16)
    at Socket.<anonymous> (/Volumes/zhu/web/item/koa-minprogram/node_modules/mysql/lib/Connection.js:91:28)
    at Socket.<anonymous> (/Volumes/zhu/web/item/koa-minprogram/node_modules/mysql/lib/Connection.js:502:10)
    at emitOne (events.js:116:13)
    at Socket.emit (events.js:211:7)
    at addChunk (_stream_readable.js:263:12)
    --------------------
    at Protocol._enqueue (/Volumes/zhu/web/item/koa-minprogram/node_modules/mysql/lib/protocol/Protocol.js:144:48)
    at PoolConnection.query (/Volumes/zhu/web/item/koa-minprogram/node_modules/mysql/lib/Connection.js:200:25)
    at /Volumes/zhu/web/item/koa-minprogram/app/database/async-db.js:25:22
    at Ping.onOperationComplete (/Volumes/zhu/web/item/koa-minprogram/node_modules/mysql/lib/Pool.js:110:5)
    at Ping.<anonymous> (/Volumes/zhu/web/item/koa-minprogram/node_modules/mysql/lib/Connection.js:502:10)
    at Ping._callback (/Volumes/zhu/web/item/koa-minprogram/node_modules/mysql/lib/Connection.js:468:16)
    at Ping.Sequence.end (/Volumes/zhu/web/item/koa-minprogram/node_modules/mysql/lib/protocol/sequences/Sequence.js:83:24)
    at Ping.Sequence.OkPacket (/Volumes/zhu/web/item/koa-minprogram/node_modules/mysql/lib/protocol/sequences/Sequence.js:92:8)
    at Protocol._parsePacket (/Volumes/zhu/web/item/koa-minprogram/node_modules/mysql/lib/protocol/Protocol.js:278:23)
    at Parser.write (/Volumes/zhu/web/item/koa-minprogram/node_modules/mysql/lib/protocol/Parser.js:76:12)
     code: 'ER_PARSE_ERROR',
     errno: 1064,
     sqlMessage: 'You have an error in your SQL syntax; check the manual that corresponds to your MySQL server version for the right syntax to use near \'-1\' at line 1',
     sqlState: '42000',
     index: 0,
     sql: 'select * from account where time>=\'2018-07-01\' and time<=\'2018-07-31\' order by time DESC limit 0,-1' } }
[2018-07-31T16:52:04.931] [ERROR] normal - localhost:3001/account/statistics TypeError: Cannot read property 'data' of undefined
    at Object.statistics (/Volumes/zhu/web/item/koa-minprogram/app/controller/account.js:172:23)
    at <anonymous>
    at process._tickCallback (internal/process/next_tick.js:188:7) 2
[2018-07-31T16:52:25.756] [INFO] normal - localhost:3001/account/statistics 13
[2018-07-31T16:54:01.326] [INFO] normal - localhost:3001/account/statistics 14
[2018-07-31T16:57:37.124] [INFO] normal - localhost:3001/account/statistics 13
[2018-07-31T16:57:50.430] [INFO] normal - localhost:3001/ 0
[2018-07-31T16:58:07.398] [INFO] normal - localhost:3001/account/update 1
[2018-07-31T16:58:50.581] [INFO] normal - localhost:3001/ 1
[2018-07-31T16:59:01.106] [INFO] normal - localhost:3001/account/update 17
[2018-07-31T16:59:49.500] [INFO] normal - localhost:3001/ 1
[2018-07-31T16:59:58.786] [INFO] normal - localhost:3001/account/update 17
[2018-07-31T17:01:57.483] [INFO] normal - localhost:3001/ 2
[2018-07-31T17:02:11.547] [INFO] normal - localhost:3001/account/add 14
[2018-07-31T17:02:21.437] [INFO] normal - localhost:3001/account/delete?id=1 3
[2018-07-31T17:02:32.192] [INFO] normal - localhost:3001/account/delete?id=4 1
[2018-07-31T17:02:34.906] [INFO] normal - localhost:3001/account/delete?id=5 1
[2018-07-31T17:02:54.982] [INFO] normal - localhost:3001/account/statistics 3
[2018-07-31T17:03:54.728] [INFO] normal - localhost:3001/account/statistics 14
[2018-07-31T17:04:29.256] [INFO] normal - localhost:3001/ 1
[2018-07-31T17:04:40.599] [INFO] normal - localhost:3001/account/add 14
[2018-07-31T17:09:37.162] [INFO] normal - localhost:3001/account/statistics 15
[2018-07-31T17:09:53.473] [INFO] normal - localhost:3001/account/index?startTime=&endTime=&page=0&sort=1&pagenum=1 2
[2018-07-31T17:13:53.036] [INFO] normal - localhost:3001/account/index?startTime=&endTime=&page=0&sort=1&pagenum=1 15
[2018-07-31T17:13:55.994] [INFO] normal - localhost:3001/account/index?startTime=&endTime=&page=0&sort=1&pagenum=1 3
[2018-07-31T17:14:02.939] [INFO] normal - localhost:3001/account/index?startTime=&endTime=update&page=0&sort=1&pagenum=1 2
[2018-07-31T17:14:25.531] [INFO] normal - localhost:3001/account/index?startTime=&endTime=select&page=0&sort=1&pagenum=1 1
[2018-07-31T17:14:54.991] [INFO] normal - localhost:3001/account/index?startTime=&endTime=select&page=0&sort=1&pagenum=1 16
[2018-07-31T17:15:27.830] [INFO] normal - localhost:3001/account/index?startTime=&endTime=select&page=0&sort=1&pagenum=1 sql 敏感关键字
[2018-07-31T17:15:55.627] [INFO] normal - localhost:3001/account/add 16
[2018-07-31T17:19:13.849] [INFO] normal - localhost:3001/ 3
[2018-07-31T17:19:20.862] [ERROR] normal - localhost:3001/account/add ReferenceError: cxt is not defined
    at app.use (/Volumes/zhu/web/item/koa-minprogram/index.js:32:20)
    at dispatch (/Volumes/zhu/web/item/koa-minprogram/node_modules/koa-compose/index.js:42:32)
    at bodyParser (/Volumes/zhu/web/item/koa-minprogram/node_modules/koa-bodyparser/index.js:86:11)
    at <anonymous>
    at process._tickCallback (internal/process/next_tick.js:188:7) 0
[2018-07-31T17:19:47.436] [INFO] normal - localhost:3001/ 4
[2018-07-31T17:19:53.095] [INFO] normal - localhost:3001/account/add 10
[2018-07-31T17:20:05.030] [INFO] normal - localhost:3001update sql 敏感关键字
